2025-09-22T14:52:17.948+08:00  INFO 23764 --- [main] com.ll.sys.SysApplication                : Starting SysApplication using Java 17.0.16 with PID 23764 (C:\Users\ux018660\Desktop\JAVA\ll-excersice\sys\target\classes started by ux018660 in C:\Users\ux018660\Desktop\JAVA\ll-excersice)
2025-09-22T14:52:17.954+08:00  INFO 23764 --- [main] com.ll.sys.SysApplication                : The following 1 profile is active: "dev"
2025-09-22T14:52:19.477+08:00  WARN 23764 --- [main] o.m.s.mapper.ClassPathMapperScanner      : No MyBatis mapper was found in '[com.ll.sys]' package. Please check your configuration.
2025-09-22T14:52:20.171+08:00  INFO 23764 --- [main] o.s.b.w.embedded.tomcat.TomcatWebServer  : Tomcat initialized with port(s): 8088 (http)
2025-09-22T14:52:20.185+08:00  INFO 23764 --- [main] o.apache.catalina.core.StandardService   : Starting service [Tomcat]
2025-09-22T14:52:20.187+08:00  INFO 23764 --- [main] o.apache.catalina.core.StandardEngine    : Starting Servlet engine: [Apache Tomcat/10.1.15]
2025-09-22T14:52:20.370+08:00  INFO 23764 --- [main] o.a.c.c.C.[Tomcat].[localhost].[/]       : Initializing Spring embedded WebApplicationContext
2025-09-22T14:52:20.371+08:00  INFO 23764 --- [main] w.s.c.ServletWebServerApplicationContext : Root WebApplicationContext: initialization completed in 2009 ms
2025-09-22T14:52:20.851+08:00  WARN 23764 --- [main] ConfigServletWebServerApplicationContext : Exception encountered during context initialization - cancelling refresh attempt: org.springframework.beans.factory.UnsatisfiedDependencyException: Error creating bean with name 'dataSource' defined in class path resource [org/springframework/boot/autoconfigure/jdbc/DataSourceConfiguration$Generic.class]: Unsatisfied dependency expressed through method 'dataSource' parameter 0: Error creating bean with name 'spring.datasource-org.springframework.boot.autoconfigure.jdbc.DataSourceProperties': Could not bind properties to 'DataSourceProperties' : prefix=spring.datasource, ignoreInvalidFields=false, ignoreUnknownFields=true
2025-09-22T14:52:20.863+08:00  INFO 23764 --- [main] o.apache.catalina.core.StandardService   : Stopping service [Tomcat]
2025-09-22T14:52:20.882+08:00  INFO 23764 --- [main] .s.b.a.l.ConditionEvaluationReportLogger : 

Error starting ApplicationContext. To display the condition evaluation report re-run your application with 'debug' enabled.
2025-09-22T14:52:20.909+08:00 ERROR 23764 --- [main] o.s.b.d.LoggingFailureAnalysisReporter   : 

***************************
APPLICATION FAILED TO START
***************************

Description:

Failed to bind properties under 'spring.datasource.type' to java.lang.Class<javax.sql.DataSource>:

    Property: spring.datasource.type
    Value: "com.alibaba.druid.pool.DruidDataSource"
    Origin: class path resource [application.yml] - 14:11
    Reason: failed to convert java.lang.String to java.lang.Class<javax.sql.DataSource> (caused by java.lang.ClassNotFoundException: com.alibaba.druid.pool.DruidDataSource)

Action:

Update your application's configuration

2025-09-22T14:54:13.734+08:00  INFO 21756 --- [main] com.ll.sys.SysApplication                : Starting SysApplication using Java 17.0.16 with PID 21756 (C:\Users\ux018660\Desktop\JAVA\ll-excersice\sys\target\classes started by ux018660 in C:\Users\ux018660\Desktop\JAVA\ll-excersice)
2025-09-22T14:54:13.739+08:00  INFO 21756 --- [main] com.ll.sys.SysApplication                : The following 1 profile is active: "dev"
2025-09-22T14:54:14.937+08:00  WARN 21756 --- [main] o.m.s.mapper.ClassPathMapperScanner      : No MyBatis mapper was found in '[com.ll.sys]' package. Please check your configuration.
2025-09-22T14:54:15.523+08:00  INFO 21756 --- [main] o.s.b.w.embedded.tomcat.TomcatWebServer  : Tomcat initialized with port(s): 8088 (http)
2025-09-22T14:54:15.541+08:00  INFO 21756 --- [main] o.apache.catalina.core.StandardService   : Starting service [Tomcat]
2025-09-22T14:54:15.542+08:00  INFO 21756 --- [main] o.apache.catalina.core.StandardEngine    : Starting Servlet engine: [Apache Tomcat/10.1.15]
2025-09-22T14:54:15.781+08:00  INFO 21756 --- [main] o.a.c.c.C.[Tomcat].[localhost].[/]       : Initializing Spring embedded WebApplicationContext
2025-09-22T14:54:15.782+08:00  INFO 21756 --- [main] w.s.c.ServletWebServerApplicationContext : Root WebApplicationContext: initialization completed in 1710 ms
2025-09-22T14:54:16.241+08:00  WARN 21756 --- [main] ConfigServletWebServerApplicationContext : Exception encountered during context initialization - cancelling refresh attempt: org.springframework.beans.factory.BeanCreationException: Error creating bean with name 'dataSource' defined in class path resource [org/springframework/boot/autoconfigure/jdbc/DataSourceConfiguration$Generic.class]: Failed to instantiate [javax.sql.DataSource]: Factory method 'dataSource' threw exception with message: Cannot load driver class: com.mysql.cj.jdbc.Driver
2025-09-22T14:54:16.245+08:00  INFO 21756 --- [main] o.apache.catalina.core.StandardService   : Stopping service [Tomcat]
2025-09-22T14:54:16.342+08:00  INFO 21756 --- [main] .s.b.a.l.ConditionEvaluationReportLogger : 

Error starting ApplicationContext. To display the condition evaluation report re-run your application with 'debug' enabled.
2025-09-22T14:54:16.378+08:00 ERROR 21756 --- [main] o.s.boot.SpringApplication               : Application run failed

org.springframework.beans.factory.BeanCreationException: Error creating bean with name 'dataSource' defined in class path resource [org/springframework/boot/autoconfigure/jdbc/DataSourceConfiguration$Generic.class]: Failed to instantiate [javax.sql.DataSource]: Factory method 'dataSource' threw exception with message: Cannot load driver class: com.mysql.cj.jdbc.Driver
	at org.springframework.beans.factory.support.ConstructorResolver.instantiate(ConstructorResolver.java:654) ~[spring-beans-6.0.13.jar:6.0.13]
	at org.springframework.beans.factory.support.ConstructorResolver.instantiateUsingFactoryMethod(ConstructorResolver.java:642) ~[spring-beans-6.0.13.jar:6.0.13]
	at org.springframework.beans.factory.support.AbstractAutowireCapableBeanFactory.instantiateUsingFactoryMethod(AbstractAutowireCapableBeanFactory.java:1332) ~[spring-beans-6.0.13.jar:6.0.13]
	at org.springframework.beans.factory.support.AbstractAutowireCapableBeanFactory.createBeanInstance(AbstractAutowireCapableBeanFactory.java:1162) ~[spring-beans-6.0.13.jar:6.0.13]
	at org.springframework.beans.factory.support.AbstractAutowireCapableBeanFactory.doCreateBean(AbstractAutowireCapableBeanFactory.java:560) ~[spring-beans-6.0.13.jar:6.0.13]
	at org.springframework.beans.factory.support.AbstractAutowireCapableBeanFactory.createBean(AbstractAutowireCapableBeanFactory.java:520) ~[spring-beans-6.0.13.jar:6.0.13]
	at org.springframework.beans.factory.support.AbstractBeanFactory.lambda$doGetBean$0(AbstractBeanFactory.java:325) ~[spring-beans-6.0.13.jar:6.0.13]
	at org.springframework.beans.factory.support.DefaultSingletonBeanRegistry.getSingleton(DefaultSingletonBeanRegistry.java:234) ~[spring-beans-6.0.13.jar:6.0.13]
	at org.springframework.beans.factory.support.AbstractBeanFactory.doGetBean(AbstractBeanFactory.java:323) ~[spring-beans-6.0.13.jar:6.0.13]
	at org.springframework.beans.factory.support.AbstractBeanFactory.getBean(AbstractBeanFactory.java:199) ~[spring-beans-6.0.13.jar:6.0.13]
	at org.springframework.beans.factory.support.DefaultListableBeanFactory.preInstantiateSingletons(DefaultListableBeanFactory.java:973) ~[spring-beans-6.0.13.jar:6.0.13]
	at org.springframework.context.support.AbstractApplicationContext.finishBeanFactoryInitialization(AbstractApplicationContext.java:950) ~[spring-context-6.0.13.jar:6.0.13]
	at org.springframework.context.support.AbstractApplicationContext.refresh(AbstractApplicationContext.java:616) ~[spring-context-6.0.13.jar:6.0.13]
	at org.springframework.boot.web.servlet.context.ServletWebServerApplicationContext.refresh(ServletWebServerApplicationContext.java:146) ~[spring-boot-3.1.5.jar:3.1.5]
	at org.springframework.boot.SpringApplication.refresh(SpringApplication.java:738) ~[spring-boot-3.1.5.jar:3.1.5]
	at org.springframework.boot.SpringApplication.refreshContext(SpringApplication.java:440) ~[spring-boot-3.1.5.jar:3.1.5]
	at org.springframework.boot.SpringApplication.run(SpringApplication.java:316) ~[spring-boot-3.1.5.jar:3.1.5]
	at org.springframework.boot.SpringApplication.run(SpringApplication.java:1306) ~[spring-boot-3.1.5.jar:3.1.5]
	at org.springframework.boot.SpringApplication.run(SpringApplication.java:1295) ~[spring-boot-3.1.5.jar:3.1.5]
	at com.ll.sys.SysApplication.main(SysApplication.java:9) ~[classes/:na]
Caused by: org.springframework.beans.BeanInstantiationException: Failed to instantiate [javax.sql.DataSource]: Factory method 'dataSource' threw exception with message: Cannot load driver class: com.mysql.cj.jdbc.Driver
	at org.springframework.beans.factory.support.SimpleInstantiationStrategy.instantiate(SimpleInstantiationStrategy.java:171) ~[spring-beans-6.0.13.jar:6.0.13]
	at org.springframework.beans.factory.support.ConstructorResolver.instantiate(ConstructorResolver.java:650) ~[spring-beans-6.0.13.jar:6.0.13]
	... 19 common frames omitted
Caused by: java.lang.IllegalStateException: Cannot load driver class: com.mysql.cj.jdbc.Driver
	at org.springframework.util.Assert.state(Assert.java:97) ~[spring-core-6.0.13.jar:6.0.13]
	at org.springframework.boot.autoconfigure.jdbc.DataSourceProperties.determineDriverClassName(DataSourceProperties.java:175) ~[spring-boot-autoconfigure-3.1.5.jar:3.1.5]
	at org.springframework.boot.autoconfigure.jdbc.PropertiesJdbcConnectionDetails.getDriverClassName(PropertiesJdbcConnectionDetails.java:49) ~[spring-boot-autoconfigure-3.1.5.jar:3.1.5]
	at org.springframework.boot.autoconfigure.jdbc.DataSourceConfiguration.createDataSource(DataSourceConfiguration.java:55) ~[spring-boot-autoconfigure-3.1.5.jar:3.1.5]
	at org.springframework.boot.autoconfigure.jdbc.DataSourceConfiguration$Generic.dataSource(DataSourceConfiguration.java:194) ~[spring-boot-autoconfigure-3.1.5.jar:3.1.5]
	at java.base/jdk.internal.reflect.NativeMethodAccessorImpl.invoke0(Native Method) ~[na:na]
	at java.base/jdk.internal.reflect.NativeMethodAccessorImpl.invoke(NativeMethodAccessorImpl.java:77) ~[na:na]
	at java.base/jdk.internal.reflect.DelegatingMethodAccessorImpl.invoke(DelegatingMethodAccessorImpl.java:43) ~[na:na]
	at java.base/java.lang.reflect.Method.invoke(Method.java:569) ~[na:na]
	at org.springframework.beans.factory.support.SimpleInstantiationStrategy.instantiate(SimpleInstantiationStrategy.java:139) ~[spring-beans-6.0.13.jar:6.0.13]
	... 20 common frames omitted

2025-09-22T14:56:22.410+08:00  INFO 18484 --- [main] com.ll.sys.SysApplication                : Starting SysApplication using Java 17.0.16 with PID 18484 (C:\Users\ux018660\Desktop\JAVA\ll-excersice\sys\target\classes started by ux018660 in C:\Users\ux018660\Desktop\JAVA\ll-excersice)
2025-09-22T14:56:22.417+08:00  INFO 18484 --- [main] com.ll.sys.SysApplication                : The following 1 profile is active: "dev"
2025-09-22T14:56:23.655+08:00  WARN 18484 --- [main] o.m.s.mapper.ClassPathMapperScanner      : No MyBatis mapper was found in '[com.ll.sys]' package. Please check your configuration.
2025-09-22T14:56:24.351+08:00  INFO 18484 --- [main] o.s.b.w.embedded.tomcat.TomcatWebServer  : Tomcat initialized with port(s): 8088 (http)
2025-09-22T14:56:24.373+08:00  INFO 18484 --- [main] o.apache.catalina.core.StandardService   : Starting service [Tomcat]
2025-09-22T14:56:24.374+08:00  INFO 18484 --- [main] o.apache.catalina.core.StandardEngine    : Starting Servlet engine: [Apache Tomcat/10.1.15]
2025-09-22T14:56:24.486+08:00  INFO 18484 --- [main] o.a.c.c.C.[Tomcat].[localhost].[/]       : Initializing Spring embedded WebApplicationContext
2025-09-22T14:56:24.487+08:00  INFO 18484 --- [main] w.s.c.ServletWebServerApplicationContext : Root WebApplicationContext: initialization completed in 1706 ms
2025-09-22T14:56:25.409+08:00  WARN 18484 --- [main] .s.s.UserDetailsServiceAutoConfiguration : 

Using generated security password: a95f6e1e-4906-4874-96c3-8053c0c0a94b

This generated password is for development use only. Your security configuration must be updated before running your application in production.

2025-09-22T14:56:25.674+08:00  INFO 18484 --- [main] o.s.s.web.DefaultSecurityFilterChain     : Will secure any request with [org.springframework.security.web.session.DisableEncodeUrlFilter@33bdd01, org.springframework.security.web.context.request.async.WebAsyncManagerIntegrationFilter@159ac15f, org.springframework.security.web.context.SecurityContextHolderFilter@259287ac, org.springframework.security.web.header.HeaderWriterFilter@14457a95, org.springframework.security.web.csrf.CsrfFilter@24197b13, org.springframework.security.web.authentication.logout.LogoutFilter@2b441e56, org.springframework.security.web.authentication.UsernamePasswordAuthenticationFilter@15369d73, org.springframework.security.web.authentication.ui.DefaultLoginPageGeneratingFilter@167a21b, org.springframework.security.web.authentication.ui.DefaultLogoutPageGeneratingFilter@7ac48f05, org.springframework.security.web.authentication.www.BasicAuthenticationFilter@6befbb12, org.springframework.security.web.savedrequest.RequestCacheAwareFilter@61a87366, org.springframework.security.web.servletapi.SecurityContextHolderAwareRequestFilter@53feeac9, org.springframework.security.web.authentication.AnonymousAuthenticationFilter@7af1d072, org.springframework.security.web.access.ExceptionTranslationFilter@5ac044ef, org.springframework.security.web.access.intercept.AuthorizationFilter@5a47730c]
2025-09-22T14:56:25.735+08:00  WARN 18484 --- [main] ConfigServletWebServerApplicationContext : Exception encountered during context initialization - cancelling refresh attempt: org.springframework.context.ApplicationContextException: Failed to start bean 'webServerStartStop'
2025-09-22T14:56:25.736+08:00  INFO 18484 --- [main] com.alibaba.druid.pool.DruidDataSource   : {dataSource-0} closing ...
2025-09-22T14:56:25.745+08:00  INFO 18484 --- [main] o.apache.catalina.core.StandardService   : Stopping service [Tomcat]
2025-09-22T14:56:25.836+08:00  INFO 18484 --- [main] .s.b.a.l.ConditionEvaluationReportLogger : 

Error starting ApplicationContext. To display the condition evaluation report re-run your application with 'debug' enabled.
2025-09-22T14:56:25.857+08:00 ERROR 18484 --- [main] o.s.b.d.LoggingFailureAnalysisReporter   : 

***************************
APPLICATION FAILED TO START
***************************

Description:

Web server failed to start. Port 8088 was already in use.

Action:

Identify and stop the process that's listening on port 8088 or configure this application to listen on another port.

2025-09-22T14:56:39.824+08:00  INFO 14532 --- [main] com.ll.sys.SysApplication                : Starting SysApplication using Java 17.0.16 with PID 14532 (C:\Users\ux018660\Desktop\JAVA\ll-excersice\sys\target\classes started by ux018660 in C:\Users\ux018660\Desktop\JAVA\ll-excersice)
2025-09-22T14:56:39.835+08:00  INFO 14532 --- [main] com.ll.sys.SysApplication                : The following 1 profile is active: "dev"
2025-09-22T14:56:41.046+08:00  WARN 14532 --- [main] o.m.s.mapper.ClassPathMapperScanner      : No MyBatis mapper was found in '[com.ll.sys]' package. Please check your configuration.
2025-09-22T14:56:41.761+08:00  INFO 14532 --- [main] o.s.b.w.embedded.tomcat.TomcatWebServer  : Tomcat initialized with port(s): 8080 (http)
2025-09-22T14:56:41.774+08:00  INFO 14532 --- [main] o.apache.catalina.core.StandardService   : Starting service [Tomcat]
2025-09-22T14:56:41.775+08:00  INFO 14532 --- [main] o.apache.catalina.core.StandardEngine    : Starting Servlet engine: [Apache Tomcat/10.1.15]
2025-09-22T14:56:41.951+08:00  INFO 14532 --- [main] o.a.c.c.C.[Tomcat].[localhost].[/]       : Initializing Spring embedded WebApplicationContext
2025-09-22T14:56:41.951+08:00  INFO 14532 --- [main] w.s.c.ServletWebServerApplicationContext : Root WebApplicationContext: initialization completed in 1727 ms
2025-09-22T14:56:42.892+08:00  WARN 14532 --- [main] .s.s.UserDetailsServiceAutoConfiguration : 

Using generated security password: eb358dcf-d96e-4dab-be7a-30954e3e314c

This generated password is for development use only. Your security configuration must be updated before running your application in production.

2025-09-22T14:56:43.121+08:00  INFO 14532 --- [main] o.s.s.web.DefaultSecurityFilterChain     : Will secure any request with [org.springframework.security.web.session.DisableEncodeUrlFilter@6c5ca0b6, org.springframework.security.web.context.request.async.WebAsyncManagerIntegrationFilter@37b01ce2, org.springframework.security.web.context.SecurityContextHolderFilter@388be5fd, org.springframework.security.web.header.HeaderWriterFilter@167a21b, org.springframework.security.web.csrf.CsrfFilter@401e02b4, org.springframework.security.web.authentication.logout.LogoutFilter@28daf506, org.springframework.security.web.authentication.UsernamePasswordAuthenticationFilter@159ac15f, org.springframework.security.web.authentication.ui.DefaultLoginPageGeneratingFilter@4b4814d0, org.springframework.security.web.authentication.ui.DefaultLogoutPageGeneratingFilter@1a88c4f5, org.springframework.security.web.authentication.www.BasicAuthenticationFilter@55c1ced9, org.springframework.security.web.savedrequest.RequestCacheAwareFilter@17fbfb02, org.springframework.security.web.servletapi.SecurityContextHolderAwareRequestFilter@24e5389c, org.springframework.security.web.authentication.AnonymousAuthenticationFilter@1894fa9f, org.springframework.security.web.access.ExceptionTranslationFilter@1d99ee1b, org.springframework.security.web.access.intercept.AuthorizationFilter@33bdd01]
2025-09-22T14:56:43.220+08:00  INFO 14532 --- [main] o.s.b.w.embedded.tomcat.TomcatWebServer  : Tomcat started on port(s): 8080 (http) with context path ''
2025-09-22T14:56:43.233+08:00  INFO 14532 --- [main] com.ll.sys.SysApplication                : Started SysApplication in 4.103 seconds (process running for 4.575)
2025-09-22T14:56:58.787+08:00  INFO 14532 --- [http-nio-8080-exec-1] o.a.c.c.C.[Tomcat].[localhost].[/]       : Initializing Spring DispatcherServlet 'dispatcherServlet'
2025-09-22T14:56:58.789+08:00  INFO 14532 --- [http-nio-8080-exec-1] o.s.web.servlet.DispatcherServlet        : Initializing Servlet 'dispatcherServlet'
2025-09-22T14:56:58.792+08:00  INFO 14532 --- [http-nio-8080-exec-1] o.s.web.servlet.DispatcherServlet        : Completed initialization in 2 ms
2025-09-22T15:00:09.782+08:00  INFO 14532 --- [SpringApplicationShutdownHook] com.alibaba.druid.pool.DruidDataSource   : {dataSource-0} closing ...
